0.312657 58
0.106414 1
2.178224 1
0.189036 1
0.310806 1
0.248184 1
0.160625 48
0.261426 1
0.819880 4
0.439189 1
0.226751 1
0.083319 2
0.182508 222
0.003460 46
0.000787 1
4.032597 1
0.140878 4
0.400326 1
0.234083 1
0.157248 4
0.315190 4
0.123816 4
0.122461 1
0.118267 1
0.162513 1
0.140655 1
0.091284 1
0.568965 3
0.275247 56
0.435031 1
44.991292 1
0.050115 2
0.119681 32
0.005962 54
0.000385 1
0.643097 1
0.045345 1
0.076917 1
0.139382 1
0.157296 1
0.090610 1
0.275586 2
0.000010 1
0.732233 4
0.160245 2
0.404085 15
0.160663 80
0.000380 2893
0.021803 100
0.005002 34
1.996185 34
0.375841 802
0.786893 757
0.060891 663
0.062826 629
0.060205 642
0.062843 605
0.766510 565
0.057273 575
0.060645 545
0.062279 515
0.057982 508
0.345666 438
0.513374 51
0.380080 359
0.262883 74
11.031005 37
0.160760 37
0.096771 37
0.191042 70
0.167959 35
0.115488 38
0.254735 38
0.162220 39
0.169807 38
0.183311 38
0.301179 38
0.213690 38
0.077523 298
1.782405 966
0.327481 49
0.597940 38
0.110764 38
0.205050 38
0.095233 39
0.085002 72
0.101822 64
0.371278 369
0.496620 39
2.192932 38
0.188629 38
0.219618 38
0.154893 38
0.211334 38
0.187651 38
0.088305 213
0.366332 87
0.264154 87
0.068657 88
0.065794 87
0.073176 154
0.158902 113
0.836433 87
2.107064 87
0.240710 75
1.078965 87
0.267146 87
0.189855 87
0.136180 87
0.079175 87
0.096335 88
0.755043 87
0.945144 87
0.253754 87
0.170390 87
0.127714 87
0.262215 87
0.068997 87
0.128768 194
0.309106 289
0.142923 39
0.514836 86
0.021769 385
0.233875 1000
0.231409 48
4.334983 45
0.712033 17
0.399162 992
0.395614 134
1.084266 74
1.956684 38
0.128711 38
0.081882 38
0.259959 45
0.417729 38
0.265451 38
0.106428 38
0.539023 38
0.319554 38
0.143931 213
1.595176 88
0.195841 87
0.164239 87
0.144847 125
0.317437 1009
1.240076 16
1.408893 87
0.273993 71
1.330764 135
0.576701 514
0.349886 71
0.000109 509
0.364996 71
0.000043 50
0.315528 54
0.000105 103
0.225185 102
0.182536 47
0.167746 54
0.000097 46
0.153560 54
0.000129 45
0.155007 54
0.000350 98
0.175019 86
0.234996 60
0.319180 380
0.405093 39
3.540301 38
0.201759 38
0.290766 38
0.170656 38
0.284679 38
0.376649 38
0.179694 213
0.379164 87
0.229403 87
0.061020 88
0.054629 87
0.101883 154
0.110892 113
0.148204 87
0.249789 87
0.174072 87
0.222751 87
0.165137 87
0.316092 87
0.240298 88
0.077278 87
0.513584 125
0.278202 74
0.222494 372
0.304708 39
6.870765 38
0.210993 38
0.269989 38
0.190385 38
0.142094 38
0.222909 38
0.085363 38
0.465933 35
0.260135 38
0.314767 39
0.167608 38
0.159454 38
0.297174 38
0.278899 38
0.383064 38
0.170232 76
0.091772 64
0.404172 213
0.330880 87
0.241917 88
0.075327 87
0.043476 87
0.079230 154
0.160772 113
0.273079 87
0.358980 87
0.165268 87
0.241458 87
0.124488 87
0.171161 88
0.183959 87
0.081939 87
0.501550 125
0.283857 74
0.201551 374
0.677812 39
2.615184 38
0.439819 38
0.209363 38
0.238620 38
0.152704 38
0.164131 38
0.184609 38
0.083094 213
1.071147 125
0.117405 66
0.249718 376
0.316033 40
1.863269 39
0.074661 39
0.087046 69
0.072707 36
0.124784 39
0.163264 39
0.111850 39
0.239741 47
0.524322 39
0.125196 39
0.088131 218
0.453057 89
0.398305 88
0.182198 88
0.201984 88
0.201923 88
0.554441 88
0.137744 88
0.672572 127
0.276347 390
0.371136 36
1.718492 36
0.256476 17
0.591919 90
0.344396 69
0.729796 138
0.422857 75
0.161634 351
0.520243 40
1.512154 39
0.094015 39
0.037014 69
0.134445 36
0.125197 39
0.214962 39
0.203912 39
0.265703 39
0.241416 39
0.197009 40
0.162015 218
0.385208 88
0.388842 88
0.191227 88
0.210012 88
0.229664 88
0.354862 88
0.085646 88
0.321675 39
0.259046 88
0.001176 76
0.186844 351
0.347740 40
1.967809 39
0.163998 39
0.109057 39
0.189534 39
0.128712 39
0.259331 75
0.333296 89
3.890706 351
0.670078 40
0.491280 39
0.217457 39
0.223829 39
0.286870 39
0.052545 39
0.078673 36
0.081835 39
0.230425 39
0.063961 39
0.052607 40
0.281398 39
0.088172 39
0.345835 39
0.226380 39
0.238050 39
0.985732 351
0.445917 40
0.855248 39
0.121164 39
0.149942 39
0.528888 39
0.413740 39
0.411858 39
0.282873 39
0.255034 39
0.212387 39
0.079561 40
0.514407 39
0.459403 36
1.528047 39
0.198436 39
0.099365 39
0.248139 39
0.306306 39
0.239653 39
0.083086 39
0.236862 40
0.225651 351
0.644798 40
0.280522 39
0.063945 39
0.061458 69
0.140187 36
0.077056 39
0.185654 39
0.074480 39
0.178855 39
1.074236 39
0.751537 40
0.303038 48
0.472727 40
0.132501 39
0.239875 39
0.249214 39
0.224018 39
0.070342 39
0.383881 39
0.637611 39
0.192484 47
0.332281 39
0.225652 39
0.167146 39
0.120064 40
3.123465 39
0.117315 39
0.198014 218
1.361233 88
0.228305 88
0.066473 88
0.044745 88
0.060547 155
0.143898 114
0.135524 89
0.773242 88
0.119945 88
0.106128 88
0.281144 88
0.438504 88
0.222105 88
0.218120 88
0.310366 88
0.221945 88
0.089198 89
0.343573 88
0.282129 88
0.477453 127
1.283772 76
0.218734 351
0.395351 40
0.277835 39
0.059343 39
0.032869 69
0.158770 36
0.115277 39
0.218693 39
0.079665 39
0.184156 39
0.139247 39
0.079571 40
0.133311 39
0.708272 39
0.540235 39
0.202696 39
0.186021 47
0.328936 39
0.135549 39
0.266345 39
0.268278 39
0.169322 39
0.080231 39
0.090506 40
0.500417 39
0.658008 39
0.181935 39
0.168559 39
0.152300 39
0.184935 39
0.079467 39
0.260352 218
0.268735 127
0.132575 67
0.243016 487
2.088120 114
0.368674 75
0.685480 38
290.965470 45
0.626125 304
0.271544 64
0.563650 38
0.157367 38
0.207846 38
0.174752 39
0.190643 45
0.370214 39
0.074923 39
0.170778 39
0.075864 77
1.062080 53
0.149170 39
0.419068 39
0.228411 39
0.246898 39
0.151234 39
0.275765 39
0.394442 39
0.245269 218
0.357975 88
0.197470 89
0.058967 88
0.083518 88
0.042800 155
0.151399 114
0.143288 88
0.253293 88
0.163977 88
0.205692 88
0.131877 88
0.256332 89
0.205842 88
0.112950 88
0.356010 88
0.272085 127
0.326788 76
0.306999 39
2.005089 39
0.044181 39
0.070252 39
0.084011 72
0.305263 47
0.603698 39
0.076683 39
0.304296 39
0.187372 218
0.281091 88
0.306588 88
0.345074 88
0.424352 88
0.059779 89
0.045217 88
0.184864 155
0.178221 83
0.482447 155
0.633710 83
0.511732 77
0.136690 88
0.213700 88
0.905916 88
0.361071 88
0.423546 88
0.212466 127
0.374639 76
0.278985 39
0.386626 39
0.156003 40
0.278689 39
0.355140 39
0.238383 39
0.095750 39
0.235584 40
0.281808 76
0.003315 82
0.000070 20
0.000031 88
0.194973 88
0.202072 88
0.286397 88
0.151414 89
0.175757 88
0.247107 88
0.237591 88
0.091314 88
0.243344 127
0.503775 353
0.616671 394
0.255624 139
0.000727 81
0.000010 390
0.001783 49
0.737463 39
0.111726 39
0.592099 39
0.304484 40
0.451597 48
0.412488 40
0.250310 39
0.440712 39
0.282578 39
0.390216 39
0.663421 39
0.068150 39
0.230861 39
0.381476 39
0.192136 39
0.193414 40
0.449957 39
0.224940 39
0.084032 39
0.214242 47
1.801141 47
0.177744 47
0.294769 39
0.594218 39
0.102142 39
2.864701 218
0.291444 88
0.261632 88
1.296497 77
4.846646 99
0.132080 88
0.322622 88
0.299855 88
0.215137 88
0.371509 88
0.231168 89
0.105667 88
0.228992 127
0.317227 75
0.257952 18
4.236891 126
0.474297 383
0.546781 74
0.309706 38
0.058096 38
0.063096 68
0.155616 36
0.214730 39
78.476146 39
0.323073 39
0.263351 40
0.143764 39
0.248255 39
0.222390 39
0.088416 39
0.444078 39
0.159636 39
0.276007 39
0.093000 39
0.136223 39
0.401497 40
0.386467 39
0.315613 39
0.256424 47
0.315359 39
0.079565 39
1.301139 39
0.279652 39
0.063920 39
0.215190 47
0.409769 39
0.285420 39
0.473186 39
0.182290 39
0.169956 40
0.128491 39
0.295679 39
0.125060 39
1.083066 218
0.264234 88
0.270191 88
0.044598 88
0.064142 88
0.073998 155
0.145020 115
0.212425 88
0.233372 88
0.098517 88
0.060508 88
0.335457 88
0.297993 88
0.182034 88
0.195562 88
0.203823 88
0.210825 89
0.122822 88
0.436388 88
0.288784 88
0.655671 77
0.985607 88
0.184599 88
0.364319 88
0.806803 88
0.238439 88
0.439566 39
0.325125 88
0.000871 358
0.345650 393
0.231138 139
0.002358 81
0.000041 390
0.002274 49
0.384251 39
0.106279 67
0.052930 242
0.237121 89
1.381360 88
0.099689 88
0.119571 88
0.957254 88
0.411182 88
0.157946 88
0.209587 88
0.189811 88
1.507233 88
0.079546 89
1.605432 88
0.288019 88
0.403636 88
0.126480 88
1.771526 88
0.080783 88
0.037130 88
0.094741 155
0.172946 96
0.243035 89
0.274742 88
0.264975 88
0.255666 88
0.267835 88
0.211294 88
0.214767 88
0.093996 88
0.105940 88
0.249588 88
0.339000 89
0.168886 88
0.193609 88
0.262949 88
0.113362 88
0.113548 88
0.398352 88
0.257739 88
0.182786 88
0.324338 88
0.306283 89
0.172517 88
0.230366 88
0.082726 88
0.059852 64
0.239520 81
0.000410 82
0.000033 20
0.000012 195
0.086486 88
4.773420 88
0.959506 88
0.220717 77
1.154898 77
0.216497 450
1.956421 88
0.276705 88
0.183671 88
0.236487 88
0.783824 88
0.275941 88
0.173907 89
0.126379 88
0.497549 88
0.152849 88
0.224830 88
0.237890 88
1.006451 88
0.104625 88
0.075783 250
0.251558 198
1.119770 89
0.258810 88
1.989488 88
0.120601 88
0.190677 88
0.293017 88
0.141065 127
0.963207 361
1.562977 24
0.596238 194
0.004370 88
0.340742 88
0.763731 88
0.097941 88
0.186488 39
0.350035 88
0.002134 75
0.522362 39
0.382697 39
0.342429 39
0.228864 40
0.124361 39
0.269607 39
0.235160 39
0.251881 218
0.270292 88
0.236329 88
0.064284 88
0.235406 153
0.167220 127
0.323436 76
1.037361 18
0.541340 50
1.001649 973
0.583177 91
0.036457 72
1.038443 45
0.000008 290
0.010551 80
0.001628 70
0.000026 53
0.000040 2
0.000007 53
0.000007 57
0.000015 70
0.000053 53
0.000006 2
0.000006 55
0.000013 55
0.000013 150
0.000271 67
0.000007 73
0.000048 27
0.000100 70
0.000007 55
0.000014 53
0.000007 2
0.000007 55
0.000006 81
0.000076 70
0.000008 53
0.000030 2
0.000006 55
0.000018 53
0.000020 2
0.000007 72
0.000004 75
0.000019 2
0.000004 59
0.000018 2
0.000005 65
0.000021 2
0.000004 121
0.000035 2
0.000005 119
0.000017 2
0.000005 63
0.000020 2
0.000005 65
0.000021 2
0.000005 63
0.000020 2
0.000004 56
0.017265 103
3.772224 2
0.024680 42
0.000063 2
0.000016 36
0.006208 2385
0.811672 55
58.662626 36
0.499789 76
0.038860 48
0.024805 76
0.032818 55
0.028710 77
0.032805 48
0.027503 38
0.026859 39
0.031455 36
0.028599 36
0.031342 39
0.028303 39
0.030001 39
0.030657 39
0.032872 39
0.029012 37
0.032890 35
0.025919 35
0.030282 38
0.035779 74
0.172712 47
0.189062 38
6.919920 2028
0.001855 1632
0.000387 41
0.000101 18
2.388793 31
0.181071 970
0.000239 18
1.683331 438
0.214980 53
2.220688 19
0.174530 17
0.178615 60
0.043682 54
0.000498 1
115.409268 1
0.183108 1
0.196290 1
0.560045 1
0.177239 48
0.204975 1
0.493111 1
0.182439 2
0.155811 222
0.001632 46
0.000185 1
16.349409 1
0.273855 1
0.381318 1
0.274659 2
0.645683 10
0.005141 2
1.069197 34
0.128751 1
0.246259 1
0.203168 1
0.094653 1
0.131726 1
0.074358 1
0.199533 1
0.167872 1
0.221756 1
0.257323 1
0.212867 1
0.139989 1
0.132550 1
0.196029 1
0.214725 1
0.287107 2
0.224546 16
0.116288 2
2.309968 59
0.177713 305
0.059158 89
0.018565 1
1.878491 1
0.116403 1
0.146933 1
0.202901 1
1.867341 1
0.171268 4
0.519370 4
0.120053 4
0.120471 4
0.132524 4
0.123072 1
0.119895 1
0.072627 1
0.082813 1
0.078480 1
0.187919 1
1.138254 1
0.094245 4
0.779342 4
0.112630 1
0.101964 1
0.096289 1
0.174009 1
0.084026 1
0.337475 1
0.122290 1
0.149174 1
0.112350 1
0.257863 1
0.394789 2
0.334465 275
0.107955 1
1.292516 1
0.137960 1
0.206865 1
0.653647 1
0.282450 1
0.100195 1
0.068321 1
0.127936 1
0.437788 2
0.186114 134
0.023385 25
0.024395 1
0.986073 1
0.063305 1
0.121404 1
0.182425 1
0.209638 1
0.251447 1
0.106802 1
0.133859 1
0.150323 1
0.093997 1
0.124583 1
0.350842 4
0.292615 4
0.128422 4
0.126090 1
0.072949 1
0.227645 1
0.155104 2
0.287750 195
0.000556 1
5.602261 1
0.202748 1
0.183883 1
0.079811 1
0.158136 1
0.182165 1
0.080571 1
0.236160 1
0.127562 1
0.091347 1
0.146668 1
0.048116 1
0.118584 1
0.138255 1
0.813638 1
0.168770 1
0.123842 1
0.083870 1
0.161437 2
0.194459 336
0.056054 1
40.647683 1
0.094963 9
0.167891 1
1.170327 2
0.167156 178
0.000156 1
4.245319 1
0.134121 1
0.201970 1
0.358198 1
0.297595 1
0.206923 1
0.140715 1
0.166575 1
0.444048 1
0.298265 1
0.121235 1
0.143978 1
0.138087 1
0.843101 2
0.994148 58
0.000422 1
1.203558 1
0.154874 1
0.124910 1
0.075531 1
0.154043 1
0.169916 1
0.070086 1
0.220865 1
0.114307 1
0.074064 1
0.144579 1
0.021768 1
0.105069 1
0.142913 1
0.202298 1
0.167041 1
0.050407 1
0.180147 1
0.359587 1
0.558000 1
0.241094 1
0.553721 1
0.117093 1
0.092435 1
0.141568 1
0.120952 2
0.228789 139
0.000641 1
107.765269 1
0.205701 7
0.731080 34
0.000620 1
2.230532 1
0.281669 1
0.160857 1
0.105014 10
0.315934 46
0.003650 1
5.246125 1
0.148986 1
0.089950 1
0.504777 1
0.072908 6
0.197323 64
0.522223 1
1.307469 1
0.086057 2
0.179194 56
0.004241 62
0.000694 1
0.902642 1
0.075134 1
0.075081 1
0.171012 1
0.777705 1
0.055707 5
0.175781 2
0.447370 15
0.035141 78
0.000381 8
0.000062 4
0.003571 2047
0.000720 2047
0.000078 258
0.000051 100
0.017940 359
349.264158 100
0.583351 43
0.654576 63
0.300185 58
1.305280 2
0.798038 2
0.479705 1
1.924778 99
4.509021 37
0.342133 37
0.071370 37
0.164171 38
0.022584 38
0.134960 38
0.134137 38
0.149394 36
0.142566 77
0.247625 64
0.396661 38
0.118686 38
0.097949 45
0.445552 38
0.065593 38
0.452179 38
1.618066 38
0.163928 38
0.175398 38
0.125655 39
0.214778 38
0.297302 38
0.140431 81
0.271733 298
0.378395 63
0.364095 37
0.204106 37
0.072816 37
0.100952 38
0.086286 38
0.095861 38
0.083592 38
0.161330 36
0.123433 77
0.280306 64
1.710321 38
0.105272 38
0.127511 38
0.670973 38
2.586159 38
0.154342 38
0.116588 38
0.217781 39
0.238017 38
0.311203 38
1.708940 38
0.161362 82
0.258826 298
2.747918 16
105.556331 86
0.435098 19
0.101017 15
0.267139 61
0.034935 62
0.000721 1
0.447106 1
0.045798 1
0.117767 1
0.186283 1
1.345806 1
0.174924 1
0.162333 1
0.166228 1
0.154052 1
0.165205 2
0.362775 16
0.046825 2667
0.036559 202
9.941827 82
0.499470 199
0.030701 82
0.031074 247
0.031384 253
0.029894 169
0.030650 83
0.028909 300
0.030834 164
0.032265 300
0.032640 168
0.866172 300
0.498282 168
0.031234 300
0.031694 168
0.027618 168
0.033335 300
0.032900 168
0.028022 168
0.030155 300
0.029984 170
0.032475 168
0.030013 176
0.030195 300
0.667682 168
0.498318 168
0.030921 300
0.035141 176
0.030494 168
0.025660 300
0.029722 168
0.031166 300
0.031278 168
0.029342 300
0.030414 176
0.032018 300
0.029677 83
0.029147 262
0.029559 254
0.031210 124
0.030131 83
0.032587 116
0.027684 253
0.032038 83
0.029178 111
0.033002 238
0.029296 222
0.033916 83
0.028199 113
0.029764 234
0.031077 230
0.032974 238
0.029702 238
0.232574 161
0.497145 83
0.032525 110
0.028536 230
0.029964 134
0.029844 83
0.030343 110
0.030876 230
0.029981 230
0.032710 230
0.029341 230
0.028573 139
0.028675 83
0.034851 106
0.027383 221
0.033743 83
0.028518 128
0.029388 246
0.027323 107
0.035196 83
0.027660 106
0.029274 191
0.036521 83
0.029356 110
0.024483 238
0.029687 169
0.031348 83
0.034142 110
0.030787 200
0.026901 83
0.031840 107
0.031693 185
0.029719 83
0.033610 116
0.029491 140
0.033980 157
0.027646 103
0.030654 83
0.030488 246
0.031340 230
0.029622 171
0.034844 83
0.031787 127
0.029672 231
0.026416 239
0.030078 84
0.030875 111
0.028847 231
0.035528 159
0.028879 84
0.026733 110
0.032096 220
0.027824 84
0.032233 110
0.029866 239
0.034198 255
0.027433 254
0.031820 84
0.029342 110
0.032172 231
0.034059 239
0.027179 239
0.034941 109
0.024517 84
0.030790 131
0.031180 247
0.030007 111
0.031586 84
0.029405 108
0.030461 231
0.026642 247
0.031505 249
0.029213 137
0.029565 84
0.030627 134
0.029464 256
0.031632 109
0.036028 84
0.023776 134
0.032868 239
0.028962 255
0.031033 263
0.033135 239
0.031114 171
0.029453 84
0.029347 134
0.030339 251
0.032253 231
0.027916 258
0.032137 239
0.031311 263
0.027675 195
0.039343 84
0.023024 111
0.033973 247
0.025769 231
0.035051 239
0.026553 122
0.032626 84
0.031502 108
0.028423 231
0.032866 247
0.031439 251
0.035631 134
0.024797 84
0.028949 134
0.029454 256
0.031251 109
0.032145 84
0.030825 111
0.035843 247
0.023624 258
0.030063 146
0.029660 84
0.031442 106
0.034083 195
0.026668 84
0.028466 102
0.030148 239
0.032148 214
0.030540 84
0.029374 279
0.029942 239
0.030982 267
0.029655 151
0.032360 84
0.028275 241
0.030053 228
0.029673 84
0.030232 119
0.033155 201
0.025885 84
0.034475 112
0.027681 165
0.030553 84
0.033741 108
0.031337 221
0.026831 84
0.029608 112
0.032213 162
0.031108 84
0.034486 19
2.619479 62
0.000833 1
321.828244 1
0.096043 1
0.080355 1
0.274518 1
0.486288 1
0.387912 6
0.214263 2
0.527580 15
0.028047 78
0.001777 9
0.000103 4
0.007399 2047
0.001404 2029
0.000254 24
0.000055 100
0.018781 34
1.077025 34
0.245179 38
0.212094 98
9.764823 63
0.375862 37
0.320626 37
0.160285 37
0.091731 38
0.062865 38
0.056904 74
0.128302 62
0.105017 63
2.686997 46
0.432024 65
0.266902 64
0.214082 64
1.972769 64
0.336319 64
0.333207 64
0.291503 62
0.484831 90
1.211650 64
0.275770 64
0.148979 65
0.148069 91
0.412487 99
0.134431 47
0.152362 95
0.923291 221
0.348172 38
1.819973 38
0.051637 66
0.079410 35
0.151887 39
0.375880 38
0.123463 38
0.211430 38
0.117287 38
0.291931 38
0.159107 38
0.366837 45
1.863339 45
0.143758 45
1.962072 38
0.241625 38
0.166789 38
0.238829 187
0.382830 38
39.662008 38
0.215866 38
0.143764 38
0.163407 39
2.138208 38
0.280100 38
0.174614 38
0.171357 38
1.775556 38
0.232879 38
0.083052 35
0.398015 38
1.475680 38
0.326669 39
0.589795 38
0.232928 38
0.215163 38
0.120521 38
0.200735 38
0.245259 17
2.248264 1013
0.356942 124
0.037432 108
0.563985 64
0.000010 56
0.021438 99
5.117374 48
0.004558 58
0.005771 4061
0.905408 35
86.405899 34
1.137224 34
0.363111 34
0.204278 99
0.288074 56
0.254535 59
0.405978 59
0.259762 59
0.161530 59
0.205654 60
0.100617 93
0.184847 57
0.143009 17
0.347528 1013
0.722565 124
0.035280 134
0.476930 2
0.000043 56
0.017373 99
7.031543 48
0.005095 58
0.005213 4095
0.877142 35
1.754290 36
0.227993 35
0.204016 35
0.207763 35
0.181467 34
0.157602 63
0.763983 62
0.500254 61
0.030235 60
0.032168 59
0.029293 58
0.030489 55
0.169765 56
0.319897 38
1.367823 19
0.328576 19
0.079312 19
0.651023 19
0.464554 19
0.132407 35
0.402627 35
0.127345 19
0.150252 19
0.118402 19
0.120703 35
0.452191 35
0.123900 19
0.564006 19
0.399769 19
0.098707 19
0.349870 3
0.212401 26
0.011987 1
0.673308 28
0.002852 18
0.022048 2039
0.000458 2028
0.001435 1253
0.002013 59
111.381770 34
0.346657 34
1.567485 34
0.640887 92
3.580958 158
0.355238 174
1.197130 179
0.229485 179
0.210152 181
0.201595 182
0.221543 578
0.567151 329
1.026485 36
0.408038 102
0.203998 73
0.187259 36
0.187815 36
0.210096 578
0.455491 34
0.792252 1370
0.482272 36
1.956102 36
0.802515 733
1.433079 61
0.727412 655
1.233980 994
2.102535 124
0.046345 36
0.706123 99
0.724968 36
0.010511 4095
0.488034 1918
0.000031 36
0.624771 36
0.574413 203
0.472342 994
0.742674 124
0.048180 36
0.554420 99
0.412076 36
0.010089 4095
0.386224 1894
0.000031 40
0.573092 655
0.394243 672
1.290676 36
0.645837 211
0.496677 994
1.221199 124
0.028917 36
0.574466 99
0.392839 2
0.010504 1
0.000152 1
0.000042 1
0.000030 1
0.000033 1
0.000026 1
0.000024 6
0.000113 17
0.000071 5
0.000006 4095
0.307074 1870
0.000038 36
0.474170 36
0.214076 196
0.561869 994
0.693549 124
0.042364 109
0.486475 65
0.000010 56
0.017168 99
3.065520 36
0.010314 4095
0.192579 1846
0.000087 36
1.955013 315
0.813651 63
0.040397 2029
0.002267 564
0.000551 53
3.228187 19
0.209341 1
0.413840 1040
0.001575 24
2.514781 12
0.000007 46
3.520045 38
0.951641 19
0.395403 19
0.132047 19
0.322812 19
0.159830 19
0.058783 44
0.146439 19
0.733184 44
0.085729 4095
0.477725 26
0.000031 1312
0.000438 59
1.705364 34
0.502648 34
0.028212 34
0.032043 34
0.028471 34
0.032765 34
0.528956 34
0.212592 329
5.221939 53
0.563095 19
0.121059 1491
0.265113 189
802.240784 963
1.156824 124
0.036579 39
0.476614 72
0.000009 63
0.000048 56
0.017497 99
1.246734 36
0.010232 3470
0.375057 34
0.512118 291
1.491261 68
0.045765 2036
0.004673 607
0.000717 36
1.853046 19
0.164770 19
0.386125 35
0.449479 48
0.545483 62
0.001104 1
0.941383 1
0.092025 1
0.076470 1
0.192530 1
0.157325 1
0.219327 3
0.264087 1
0.682632 1
0.136551 2
0.346190 15
0.035415 78
0.000459 10
0.000047 4
0.002445 2047
0.000830 1397
0.000061 100
0.018779 34
0.836290 34
0.499675 34
0.029764 34
0.031495 34
0.033743 34
0.032068 38
0.025057 34
0.034028 39
0.028414 38
0.436008 673
0.469650 38
0.239827 671
0.483494 34
0.352032 76
0.231539 44
0.198498 35
0.179876 251
0.999691 1324
8.047765 37
4.900369 37
0.227632 37
0.276464 37
0.468571 38
0.233133 37
0.149146 37
0.271006 37
0.776231 37
0.262948 37
0.169337 37
0.139603 37
0.502219 37
0.269664 37
0.443047 38
0.285589 37
0.181323 37
0.927598 37
0.654552 34
0.913351 37
0.201179 34
0.192014 37
0.350943 37
0.217428 37
0.304573 38
0.345426 37
0.081649 37
0.216107 44
0.522265 37
0.210372 37
0.276650 37
0.723389 187
0.213553 37
0.200225 37
0.194969 37
0.353338 37
0.247710 38
0.200773 37
0.168532 37
0.201249 37
0.575340 37
0.295514 37
0.084651 37
0.081050 37
0.939891 37
0.767970 37
1.949440 38
0.196869 37
0.181426 37
0.262546 37
0.216210 37
0.955832 37
0.249900 37
0.241031 37
0.153469 37
0.192967 34
0.206388 38
0.156164 34
0.088571 37
0.657132 37
0.070315 37
0.703999 37
0.185637 37
0.660590 37
0.231197 37
0.228718 37
0.145942 38
0.174065 212
0.276109 185
0.346132 156
0.359898 156
0.723867 156
0.159667 156
0.292700 156
0.179562 156
0.151326 156
0.139225 157
0.174136 156
0.441632 156
0.296767 156
0.445154 156
1.080533 156
0.462504 131
2.979279 156
0.228570 232
0.511772 125
0.309703 73
0.296317 189
3.364884 17
63.913276 86
0.362504 33
0.228370 33
0.252969 378
0.240062 16
0.686607 48
1.000828 37
0.293537 345
0.437306 48
0.329482 38
0.226636 38
0.298459 38
0.409906 39
0.194057 38
0.156235 38
0.361909 38
0.660093 38
0.326280 38
0.069207 38
0.078719 38
0.298346 38
0.261555 38
0.179456 39
0.217907 38
0.336648 35
0.432095 38
0.224135 35
0.165027 38
0.278164 38
0.217968 38
0.220846 38
0.090503 38
0.264879 215
0.280482 87
0.431696 87
0.244181 87
0.392855 87
0.169910 87
0.626207 87
0.314104 126
1.406427 76
0.246997 35
0.556729 37
0.142383 63
1.226285 34
0.131065 34
9.238526 34
0.172005 34
0.146159 34
0.221971 48
0.385694 34
0.649577 38
1.781318 38
0.226678 38
0.139392 38
0.090191 39
0.282826 215
0.371194 87
0.555096 64
0.304550 79
0.002934 80
0.000034 20
0.000029 89
0.217229 89
0.185524 89
0.238892 89
0.227192 89
0.227699 89
0.154828 90
0.171075 89
0.228485 89
0.246374 89
0.061624 89
0.073741 89
0.802494 89
0.329603 89
0.202713 89
0.069295 89
0.231661 195
0.297225 87
0.406474 122
0.521939 126
0.456720 75
0.384457 189
1.569302 186
0.193211 17
32.423978 834
0.693721 68
1.672208 71
2.627945 2047
1.723590 1018
0.000148 965
1.120465 124
0.036603 39
0.400507 71
0.000006 56
0.042464 99
3.876682 2
0.010321 9
0.000063 5
0.000066 4
0.000057 3
0.000043 3
0.000052 3
0.000042 3
0.000048 3
0.000050 1
0.000024 15
0.841675 3038
0.003513 35
0.949170 39
0.497014 35
0.031153 35
0.031473 35
0.029904 39
0.030489 39
0.031261 35
0.028813 75
0.030334 46
0.036066 34
0.026055 34
0.030456 34
0.033165 34
0.030076 34
0.469886 36
2.227539 35
0.960912 58
0.658263 137
0.295829 965
0.782243 124
0.042551 39
0.398720 71
0.000009 56
0.014177 99
0.869032 36
0.010398 3074
0.225559 34
0.631992 57
0.751633 136
0.208025 965
0.680294 124
0.034607 36
0.503398 99
0.579367 2
0.010278 21
0.000031 4
0.000078 4
0.000021 2
0.000060 3
0.000028 15
0.355594 2047
0.001794 1036
0.000144 34
131.325166 34
0.233047 76
0.228609 44
0.186407 35
0.180415 39
0.195698 39
0.223831 35
0.202814 35
0.223685 35
0.208770 39
0.213274 35
0.208338 38
10.060558 19
0.979364 19
0.070984 19
0.212746 19
0.164817 31
0.236865 4095
0.635191 1038
0.000278 59
0.774143 34
0.500971 34
0.034214 34
0.028081 34
0.027563 34
0.029412 34
0.032632 34
0.028475 37
0.034379 38
0.027656 39
0.030411 35
1.046975 35
0.497628 35
0.030568 35
0.031029 35
0.031305 35
0.030465 38
0.030184 40
0.030448 35
0.034518 35
0.025543 35
0.538682 35
0.502448 38
0.032330 39
0.029575 35
0.031141 35
0.027325 4095
0.036089 61
0.000024 4084
0.027300 4028
0.029100 4091
0.031696 4006
2.968806 4095
0.501716 7
0.000087 4013
0.026043 3954
0.032700 3898
0.028771 3976
0.031898 3983
0.051584 3940
0.008670 4070
0.030092 3998
0.030850 3964
0.030754 3935
0.030615 3988
1331.725591 4015
0.332357 3954
0.031401 3963
0.035870 3886
0.033408 39
0.026119 3866
0.030377 4078
0.033037 3909
0.028099 4067
0.031174 3994
0.031108 3960
0.027492 3957
16.223133 4019
0.503065 4031
0.028958 3992
0.029607 4068
0.036524 35
0.023333 3965
0.030607 4010
0.031253 4095
0.029838 12
0.000023 4079
0.035161 3997
0.024757 4017
0.033840 3906
0.029956 1
0.027959 1
0.031642 1
0.029994 1
0.506849 1
0.498833 1
0.031061 1
0.039987 1
0.020785 1
0.031936 1
0.029892 1
0.031983 1
0.029186 1
0.033002 1
0.027599 1
0.030552 1
0.030447 1
0.031873 35
0.619735 35
0.502127 35
0.031678 35
0.031166 35
0.029638 35
0.473210 35
0.501371 35
0.032862 35
0.030425 36
0.031932 35
0.028177 38
0.029041 39
0.030823 35
0.029048 35
0.030817 35
0.031857 35
0.034251 35
0.025827 37
0.031879 39
0.031376 34
0.030544 34
0.028406 34
0.034829 34
0.028217 37
0.031670 38
0.028261 34
0.033397 4066
0.031825 3983
0.032582 4095
0.028283 12
0.000069 4095
0.030770 8
0.000024 3987
0.028934 3967
0.030878 3998
0.031092 4056
0.030228 3990
0.028406 4021
0.030379 3956
0.030126 3963
0.033242 3994
0.031736 4049
0.033523 3907
0.022787 4024
0.031528 4038
0.035595 3832
0.030600 3827
0.513729 3988
0.500217 3924
0.037331 3985
0.024110 3947
0.035650 3961
0.031110 3984
0.029451 4019
0.027090 4032
0.029693 3947
0.029774 3933
0.032469 3963
0.032124 3897
0.027415 3971
0.029820 4024
0.030464 4047
1.636118 4095
0.501508 86
0.000132 4016
0.030082 4070
0.031501 4043
0.028189 4094
0.034191 4095
0.026392 51
0.000109 4095
0.029812 83
0.000020 34
2.253409 926
0.717982 63
0.046246 52
0.020319 65
0.000036 36
0.095879 103
2.156788 38
0.003914 56
0.006320 15
1.295552 2031
0.002619 2031
0.003543 1886
0.000818 43
1.428440 19
0.180808 2026
0.313886 36
0.557011 19
0.185845 48
0.234046 62
0.000266 1
1.382945 1
0.198021 1
0.144322 1
0.163640 8
